# JRE version: OpenJDK Runtime Environment (8.0_402-b06) (build 1.8.0_402-b06)
# Java VM: OpenJDK 64-Bit Server VM (25.402-b06 mixed mode windows-amd64 compressed oops)
Heap:
 PSYoungGen      total 18432K, used 4514K [0x00000000eb800000, 0x00000000ecc80000, 0x0000000100000000)
  eden space 15872K, 12% used [0x00000000eb800000,0x00000000eb9f0860,0x00000000ec780000)
  from space 2560K, 98% used [0x00000000eca00000,0x00000000ecc78020,0x00000000ecc80000)
  to   space 2560K, 0% used [0x00000000ec780000,0x00000000ec780000,0x00000000eca00000)
 ParOldGen       total 42496K, used 27419K [0x00000000c2800000, 0x00000000c5180000, 0x00000000eb800000)
  object space 42496K, 64% used [0x00000000c2800000,0x00000000c42c6ea0,0x00000000c5180000)
 Metaspace       used 17777K, capacity 18038K, committed 18304K, reserved 1064960K
  class space    used 2251K, capacity 2355K, committed 2432K, reserved 1048576K
GC Heap History (10 events):
Event: 4.264 GC heap before
{Heap before GC invocations=4 (full 0):
 PSYoungGen      total 18432K, used 18417K [0x00000000eb800000, 0x00000000ecc80000, 0x0000000100000000)
  eden space 15872K, 100% used [0x00000000eb800000,0x00000000ec780000,0x00000000ec780000)
  from space 2560K, 99% used [0x00000000ec780000,0x00000000ec9fc408,0x00000000eca00000)
  to   space 2560K, 0% used [0x00000000eca00000,0x00000000eca00000,0x00000000ecc80000)
 ParOldGen       total 42496K, used 7194K [0x00000000c2800000, 0x00000000c5180000, 0x00000000eb800000)
  object space 42496K, 16% used [0x00000000c2800000,0x00000000c2f068c0,0x00000000c5180000)
 Metaspace       used 10052K, capacity 10260K, committed 10624K, reserved 1058816K
  class space    used 1195K, capacity 1288K, committed 1408K, reserved 1048576K
Event: 4.283 GC heap after
Heap after GC invocations=4 (full 0):
 PSYoungGen      total 18432K, used 2528K [0x00000000eb800000, 0x00000000ecc80000, 0x0000000100000000)
  eden space 15872K, 0% used [0x00000000eb800000,0x00000000eb800000,0x00000000ec780000)
  from space 2560K, 98% used [0x00000000eca00000,0x00000000ecc78030,0x00000000ecc80000)
  to   space 2560K, 0% used [0x00000000ec780000,0x00000000ec780000,0x00000000eca00000)
 ParOldGen       total 42496K, used 13439K [0x00000000c2800000, 0x00000000c5180000, 0x00000000eb800000)
  object space 42496K, 31% used [0x00000000c2800000,0x00000000c351fe70,0x00000000c5180000)
 Metaspace       used 10052K, capacity 10260K, committed 10624K, reserved 1058816K
  class space    used 1195K, capacity 1288K, committed 1408K, reserved 1048576K
}
Event: 5.229 GC heap before
{Heap before GC invocations=5 (full 0):
 PSYoungGen      total 18432K, used 18400K [0x00000000eb800000, 0x00000000ecc80000, 0x0000000100000000)
  eden space 15872K, 100% used [0x00000000eb800000,0x00000000ec780000,0x00000000ec780000)
  from space 2560K, 98% used [0x00000000eca00000,0x00000000ecc78030,0x00000000ecc80000)
  to   space 2560K, 0% used [0x00000000ec780000,0x00000000ec780000,0x00000000eca00000)
 ParOldGen       total 42496K, used 13439K [0x00000000c2800000, 0x00000000c5180000, 0x00000000eb800000)
  object space 42496K, 31% used [0x00000000c2800000,0x00000000c351fe70,0x00000000c5180000)
 Metaspace       used 12346K, capacity 12532K, committed 12672K, reserved 1060864K
  class space    used 1492K, capacity 1576K, committed 1664K, reserved 1048576K
Event: 5.247 GC heap after
Heap after GC invocations=5 (full 0):
 PSYoungGen      total 18432K, used 2528K [0x00000000eb800000, 0x00000000ecc80000, 0x0000000100000000)
  eden space 15872K, 0% used [0x00000000eb800000,0x00000000eb800000,0x00000000ec780000)
  from space 2560K, 98% used [0x00000000ec780000,0x00000000ec9f8030,0x00000000eca00000)
  to   space 2560K, 0% used [0x00000000eca00000,0x00000000eca00000,0x00000000ecc80000)
 ParOldGen       total 42496K, used 16570K [0x00000000c2800000, 0x00000000c5180000, 0x00000000eb800000)
  object space 42496K, 38% used [0x00000000c2800000,0x00000000c382ebe0,0x00000000c5180000)
 Metaspace       used 12346K, capacity 12532K, committed 12672K, reserved 1060864K
  class space    used 1492K, capacity 1576K, committed 1664K, reserved 1048576K
}
Event: 5.761 GC heap before
{Heap before GC invocations=6 (full 0):
 PSYoungGen      total 18432K, used 18400K [0x00000000eb800000, 0x00000000ecc80000, 0x0000000100000000)
  eden space 15872K, 100% used [0x00000000eb800000,0x00000000ec780000,0x00000000ec780000)
  from space 2560K, 98% used [0x00000000ec780000,0x00000000ec9f8030,0x00000000eca00000)
  to   space 2560K, 0% used [0x00000000eca00000,0x00000000eca00000,0x00000000ecc80000)
 ParOldGen       total 42496K, used 16570K [0x00000000c2800000, 0x00000000c5180000, 0x00000000eb800000)
  object space 42496K, 38% used [0x00000000c2800000,0x00000000c382ebe0,0x00000000c5180000)
 Metaspace       used 13550K, capacity 13728K, committed 14080K, reserved 1060864K
  class space    used 1670K, capacity 1738K, committed 1792K, reserved 1048576K
Event: 5.775 GC heap after
Heap after GC invocations=6 (full 0):
 PSYoungGen      total 18432K, used 2544K [0x00000000eb800000, 0x00000000ecc80000, 0x0000000100000000)
  eden space 15872K, 0% used [0x00000000eb800000,0x00000000eb800000,0x00000000ec780000)
  from space 2560K, 99% used [0x00000000eca00000,0x00000000ecc7c010,0x00000000ecc80000)
  to   space 2560K, 0% used [0x00000000ec780000,0x00000000ec780000,0x00000000eca00000)
 ParOldGen       total 42496K, used 20785K [0x00000000c2800000, 0x00000000c5180000, 0x00000000eb800000)
  object space 42496K, 48% used [0x00000000c2800000,0x00000000c3c4c790,0x00000000c5180000)
 Metaspace       used 13550K, capacity 13728K, committed 14080K, reserved 1060864K
  class space    used 1670K, capacity 1738K, committed 1792K, reserved 1048576K
}
Event: 6.294 GC heap before
{Heap before GC invocations=7 (full 0):
 PSYoungGen      total 18432K, used 18416K [0x00000000eb800000, 0x00000000ecc80000, 0x0000000100000000)
  eden space 15872K, 100% used [0x00000000eb800000,0x00000000ec780000,0x00000000ec780000)
  from space 2560K, 99% used [0x00000000eca00000,0x00000000ecc7c010,0x00000000ecc80000)
  to   space 2560K, 0% used [0x00000000ec780000,0x00000000ec780000,0x00000000eca00000)
 ParOldGen       total 42496K, used 20785K [0x00000000c2800000, 0x00000000c5180000, 0x00000000eb800000)
  object space 42496K, 48% used [0x00000000c2800000,0x00000000c3c4c790,0x00000000c5180000)
 Metaspace       used 14632K, capacity 14826K, committed 14976K, reserved 1062912K
  class space    used 1837K, capacity 1905K, committed 1920K, reserved 1048576K
Event: 6.320 GC heap after
Heap after GC invocations=7 (full 0):
 PSYoungGen      total 18432K, used 2536K [0x00000000eb800000, 0x00000000ecc80000, 0x0000000100000000)
  eden space 15872K, 0% used [0x00000000eb800000,0x00000000eb800000,0x00000000ec780000)
  from space 2560K, 99% used [0x00000000ec780000,0x00000000ec9fa310,0x00000000eca00000)
  to   space 2560K, 0% used [0x00000000eca00000,0x00000000eca00000,0x00000000ecc80000)
 ParOldGen       total 42496K, used 24064K [0x00000000c2800000, 0x00000000c5180000, 0x00000000eb800000)
  object space 42496K, 56% used [0x00000000c2800000,0x00000000c3f80358,0x00000000c5180000)
 Metaspace       used 14632K, capacity 14826K, committed 14976K, reserved 1062912K
  class space    used 1837K, capacity 1905K, committed 1920K, reserved 1048576K
}
Event: 7.472 GC heap before
{Heap before GC invocations=8 (full 0):
 PSYoungGen      total 18432K, used 18408K [0x00000000eb800000, 0x00000000ecc80000, 0x0000000100000000)
  eden space 15872K, 100% used [0x00000000eb800000,0x00000000ec780000,0x00000000ec780000)
  from space 2560K, 99% used [0x00000000ec780000,0x00000000ec9fa310,0x00000000eca00000)
  to   space 2560K, 0% used [0x00000000eca00000,0x00000000eca00000,0x00000000ecc80000)
 ParOldGen       total 42496K, used 24064K [0x00000000c2800000, 0x00000000c5180000, 0x00000000eb800000)
  object space 42496K, 56% used [0x00000000c2800000,0x00000000c3f80358,0x00000000c5180000)
 Metaspace       used 17385K, capacity 17590K, committed 17920K, reserved 1064960K
  class space    used 2216K, capacity 2291K, committed 2304K, reserved 1048576K
Event: 7.484 GC heap after
Heap after GC invocations=8 (full 0):
 PSYoungGen      total 18432K, used 2528K [0x00000000eb800000, 0x00000000ecc80000, 0x0000000100000000)
  eden space 15872K, 0% used [0x00000000eb800000,0x00000000eb800000,0x00000000ec780000)
  from space 2560K, 98% used [0x00000000eca00000,0x00000000ecc78020,0x00000000ecc80000)
  to   space 2560K, 0% used [0x00000000ec780000,0x00000000ec780000,0x00000000eca00000)
 ParOldGen       total 42496K, used 27419K [0x00000000c2800000, 0x00000000c5180000, 0x00000000eb800000)
  object space 42496K, 64% used [0x00000000c2800000,0x00000000c42c6ea0,0x00000000c5180000)
 Metaspace       used 17385K, capacity 17590K, committed 17920K, reserved 1064960K
  class space    used 2216K, capacity 2291K, committed 2304K, reserved 1048576K
}

