# JRE version: OpenJDK Runtime Environment (8.0_402-b06) (build 1.8.0_402-b06)
# Java VM: OpenJDK 64-Bit Server VM (25.402-b06 mixed mode windows-amd64 compressed oops)
Heap:
 PSYoungGen      total 75264K, used 1291K [0x00000000eb800000, 0x00000000f0d00000, 0x0000000100000000)
  eden space 63488K, 2% used [0x00000000eb800000,0x00000000eb942c48,0x00000000ef600000)
  from space 11776K, 0% used [0x00000000ef600000,0x00000000ef600000,0x00000000f0180000)
  to   space 11776K, 0% used [0x00000000f0180000,0x00000000f0180000,0x00000000f0d00000)
 ParOldGen       total 42496K, used 22065K [0x00000000c2800000, 0x00000000c5180000, 0x00000000eb800000)
  object space 42496K, 51% used [0x00000000c2800000,0x00000000c3d8c690,0x00000000c5180000)
 Metaspace       used 20827K, capacity 21126K, committed 21504K, reserved 1069056K
  class space    used 2637K, capacity 2725K, committed 2816K, reserved 1048576K
GC Heap History (10 events):
Event: 2.733 GC heap before
{Heap before GC invocations=4 (full 0):
 PSYoungGen      total 18432K, used 18416K [0x00000000eb800000, 0x00000000edc00000, 0x0000000100000000)
  eden space 15872K, 100% used [0x00000000eb800000,0x00000000ec780000,0x00000000ec780000)
  from space 2560K, 99% used [0x00000000ec780000,0x00000000ec9fc010,0x00000000eca00000)
  to   space 2560K, 0% used [0x00000000ed980000,0x00000000ed980000,0x00000000edc00000)
 ParOldGen       total 42496K, used 7171K [0x00000000c2800000, 0x00000000c5180000, 0x00000000eb800000)
  object space 42496K, 16% used [0x00000000c2800000,0x00000000c2f00c38,0x00000000c5180000)
 Metaspace       used 10051K, capacity 10196K, committed 10368K, reserved 1058816K
  class space    used 1195K, capacity 1288K, committed 1408K, reserved 1048576K
Event: 2.752 GC heap after
Heap after GC invocations=4 (full 0):
 PSYoungGen      total 34304K, used 2544K [0x00000000eb800000, 0x00000000edc00000, 0x0000000100000000)
  eden space 31744K, 0% used [0x00000000eb800000,0x00000000eb800000,0x00000000ed700000)
  from space 2560K, 99% used [0x00000000ed980000,0x00000000edbfc010,0x00000000edc00000)
  to   space 2560K, 0% used [0x00000000ed700000,0x00000000ed700000,0x00000000ed980000)
 ParOldGen       total 42496K, used 13437K [0x00000000c2800000, 0x00000000c5180000, 0x00000000eb800000)
  object space 42496K, 31% used [0x00000000c2800000,0x00000000c351f5e8,0x00000000c5180000)
 Metaspace       used 10051K, capacity 10196K, committed 10368K, reserved 1058816K
  class space    used 1195K, capacity 1288K, committed 1408K, reserved 1048576K
}
Event: 4.115 GC heap before
{Heap before GC invocations=5 (full 0):
 PSYoungGen      total 34304K, used 34288K [0x00000000eb800000, 0x00000000edc00000, 0x0000000100000000)
  eden space 31744K, 100% used [0x00000000eb800000,0x00000000ed700000,0x00000000ed700000)
  from space 2560K, 99% used [0x00000000ed980000,0x00000000edbfc010,0x00000000edc00000)
  to   space 2560K, 0% used [0x00000000ed700000,0x00000000ed700000,0x00000000ed980000)
 ParOldGen       total 42496K, used 13437K [0x00000000c2800000, 0x00000000c5180000, 0x00000000eb800000)
  object space 42496K, 31% used [0x00000000c2800000,0x00000000c351f5e8,0x00000000c5180000)
 Metaspace       used 13578K, capacity 13792K, committed 14080K, reserved 1060864K
  class space    used 1671K, capacity 1738K, committed 1792K, reserved 1048576K
Event: 4.152 GC heap after
Heap after GC invocations=5 (full 0):
 PSYoungGen      total 34304K, used 2530K [0x00000000eb800000, 0x00000000f0d00000, 0x0000000100000000)
  eden space 31744K, 0% used [0x00000000eb800000,0x00000000eb800000,0x00000000ed700000)
  from space 2560K, 98% used [0x00000000ed700000,0x00000000ed978a68,0x00000000ed980000)
  to   space 11776K, 0% used [0x00000000f0180000,0x00000000f0180000,0x00000000f0d00000)
 ParOldGen       total 42496K, used 20562K [0x00000000c2800000, 0x00000000c5180000, 0x00000000eb800000)
  object space 42496K, 48% used [0x00000000c2800000,0x00000000c3c149b8,0x00000000c5180000)
 Metaspace       used 13578K, capacity 13792K, committed 14080K, reserved 1060864K
  class space    used 1671K, capacity 1738K, committed 1792K, reserved 1048576K
}
Event: 5.696 GC heap before
{Heap before GC invocations=6 (full 0):
 PSYoungGen      total 34304K, used 34274K [0x00000000eb800000, 0x00000000f0d00000, 0x0000000100000000)
  eden space 31744K, 100% used [0x00000000eb800000,0x00000000ed700000,0x00000000ed700000)
  from space 2560K, 98% used [0x00000000ed700000,0x00000000ed978a68,0x00000000ed980000)
  to   space 11776K, 0% used [0x00000000f0180000,0x00000000f0180000,0x00000000f0d00000)
 ParOldGen       total 42496K, used 20562K [0x00000000c2800000, 0x00000000c5180000, 0x00000000eb800000)
  object space 42496K, 48% used [0x00000000c2800000,0x00000000c3c149b8,0x00000000c5180000)
 Metaspace       used 17370K, capacity 17590K, committed 17920K, reserved 1064960K
  class space    used 2217K, capacity 2291K, committed 2304K, reserved 1048576K
Event: 5.716 GC heap after
Heap after GC invocations=6 (full 0):
 PSYoungGen      total 75264K, used 8716K [0x00000000eb800000, 0x00000000f0d00000, 0x0000000100000000)
  eden space 63488K, 0% used [0x00000000eb800000,0x00000000eb800000,0x00000000ef600000)
  from space 11776K, 74% used [0x00000000f0180000,0x00000000f0a030a0,0x00000000f0d00000)
  to   space 11776K, 0% used [0x00000000ef600000,0x00000000ef600000,0x00000000f0180000)
 ParOldGen       total 42496K, used 20562K [0x00000000c2800000, 0x00000000c5180000, 0x00000000eb800000)
  object space 42496K, 48% used [0x00000000c2800000,0x00000000c3c149b8,0x00000000c5180000)
 Metaspace       used 17370K, capacity 17590K, committed 17920K, reserved 1064960K
  class space    used 2217K, capacity 2291K, committed 2304K, reserved 1048576K
}
Event: 7.889 GC heap before
{Heap before GC invocations=7 (full 0):
 PSYoungGen      total 75264K, used 42696K [0x00000000eb800000, 0x00000000f0d00000, 0x0000000100000000)
  eden space 63488K, 53% used [0x00000000eb800000,0x00000000ed92efa0,0x00000000ef600000)
  from space 11776K, 74% used [0x00000000f0180000,0x00000000f0a030a0,0x00000000f0d00000)
  to   space 11776K, 0% used [0x00000000ef600000,0x00000000ef600000,0x00000000f0180000)
 ParOldGen       total 42496K, used 20562K [0x00000000c2800000, 0x00000000c5180000, 0x00000000eb800000)
  object space 42496K, 48% used [0x00000000c2800000,0x00000000c3c149b8,0x00000000c5180000)
 Metaspace       used 20824K, capacity 21062K, committed 21248K, reserved 1067008K
  class space    used 2635K, capacity 2725K, committed 2816K, reserved 1048576K
Event: 7.928 GC heap after
Heap after GC invocations=7 (full 0):
 PSYoungGen      total 75264K, used 10422K [0x00000000eb800000, 0x00000000f0d00000, 0x0000000100000000)
  eden space 63488K, 0% used [0x00000000eb800000,0x00000000eb800000,0x00000000ef600000)
  from space 11776K, 88% used [0x00000000ef600000,0x00000000f002d800,0x00000000f0180000)
  to   space 11776K, 0% used [0x00000000f0180000,0x00000000f0180000,0x00000000f0d00000)
 ParOldGen       total 42496K, used 20890K [0x00000000c2800000, 0x00000000c5180000, 0x00000000eb800000)
  object space 42496K, 49% used [0x00000000c2800000,0x00000000c3c669b8,0x00000000c5180000)
 Metaspace       used 20824K, capacity 21062K, committed 21248K, reserved 1067008K
  class space    used 2635K, capacity 2725K, committed 2816K, reserved 1048576K
}
Event: 7.928 GC heap before
{Heap before GC invocations=8 (full 1):
 PSYoungGen      total 75264K, used 10422K [0x00000000eb800000, 0x00000000f0d00000, 0x0000000100000000)
  eden space 63488K, 0% used [0x00000000eb800000,0x00000000eb800000,0x00000000ef600000)
  from space 11776K, 88% used [0x00000000ef600000,0x00000000f002d800,0x00000000f0180000)
  to   space 11776K, 0% used [0x00000000f0180000,0x00000000f0180000,0x00000000f0d00000)
 ParOldGen       total 42496K, used 20890K [0x00000000c2800000, 0x00000000c5180000, 0x00000000eb800000)
  object space 42496K, 49% used [0x00000000c2800000,0x00000000c3c669b8,0x00000000c5180000)
 Metaspace       used 20824K, capacity 21062K, committed 21248K, reserved 1067008K
  class space    used 2635K, capacity 2725K, committed 2816K, reserved 1048576K
Event: 8.092 GC heap after
Heap after GC invocations=8 (full 1):
 PSYoungGen      total 75264K, used 0K [0x00000000eb800000, 0x00000000f0d00000, 0x0000000100000000)
  eden space 63488K, 0% used [0x00000000eb800000,0x00000000eb800000,0x00000000ef600000)
  from space 11776K, 0% used [0x00000000ef600000,0x00000000ef600000,0x00000000f0180000)
  to   space 11776K, 0% used [0x00000000f0180000,0x00000000f0180000,0x00000000f0d00000)
 ParOldGen       total 42496K, used 22065K [0x00000000c2800000, 0x00000000c5180000, 0x00000000eb800000)
  object space 42496K, 51% used [0x00000000c2800000,0x00000000c3d8c690,0x00000000c5180000)
 Metaspace       used 20824K, capacity 21062K, committed 21248K, reserved 1067008K
  class space    used 2635K, capacity 2725K, committed 2816K, reserved 1048576K
}

