# JRE version: OpenJDK Runtime Environment (8.0_402-b06) (build 1.8.0_402-b06)
# Java VM: OpenJDK 64-Bit Server VM (25.402-b06 mixed mode windows-amd64 compressed oops)
Heap:
 PSYoungGen      total 66048K, used 37407K [0x00000000eb800000, 0x00000000f5500000, 0x0000000100000000)
  eden space 63488K, 58% used [0x00000000eb800000,0x00000000edc87ce8,0x00000000ef600000)
  from space 2560K, 0% used [0x00000000ef600000,0x00000000ef600000,0x00000000ef880000)
  to   space 16896K, 0% used [0x00000000f4480000,0x00000000f4480000,0x00000000f5500000)
 ParOldGen       total 66560K, used 26326K [0x00000000c2800000, 0x00000000c6900000, 0x00000000eb800000)
  object space 66560K, 39% used [0x00000000c2800000,0x00000000c41b5840,0x00000000c6900000)
 Metaspace       used 24168K, capacity 24475K, committed 24832K, reserved 1071104K
  class space    used 2896K, capacity 2988K, committed 3072K, reserved 1048576K
GC Heap History (10 events):
Event: 1.517 GC heap before
{Heap before GC invocations=2 (full 0):
 PSYoungGen      total 18432K, used 18428K [0x00000000eb800000, 0x00000000edc00000, 0x0000000100000000)
  eden space 15872K, 100% used [0x00000000eb800000,0x00000000ec780000,0x00000000ec780000)
  from space 2560K, 99% used [0x00000000ec780000,0x00000000ec9ff130,0x00000000eca00000)
  to   space 2560K, 0% used [0x00000000ed980000,0x00000000ed980000,0x00000000edc00000)
 ParOldGen       total 42496K, used 637K [0x00000000c2800000, 0x00000000c5180000, 0x00000000eb800000)
  object space 42496K, 1% used [0x00000000c2800000,0x00000000c289f7a0,0x00000000c5180000)
 Metaspace       used 7240K, capacity 7402K, committed 7552K, reserved 1056768K
  class space    used 791K, capacity 869K, committed 896K, reserved 1048576K
Event: 1.534 GC heap after
Heap after GC invocations=2 (full 0):
 PSYoungGen      total 34304K, used 2547K [0x00000000eb800000, 0x00000000edc00000, 0x0000000100000000)
  eden space 31744K, 0% used [0x00000000eb800000,0x00000000eb800000,0x00000000ed700000)
  from space 2560K, 99% used [0x00000000ed980000,0x00000000edbfcea8,0x00000000edc00000)
  to   space 2560K, 0% used [0x00000000ed700000,0x00000000ed700000,0x00000000ed980000)
 ParOldGen       total 42496K, used 4833K [0x00000000c2800000, 0x00000000c5180000, 0x00000000eb800000)
  object space 42496K, 11% used [0x00000000c2800000,0x00000000c2cb8550,0x00000000c5180000)
 Metaspace       used 7240K, capacity 7402K, committed 7552K, reserved 1056768K
  class space    used 791K, capacity 869K, committed 896K, reserved 1048576K
}
Event: 2.416 GC heap before
{Heap before GC invocations=3 (full 0):
 PSYoungGen      total 34304K, used 34291K [0x00000000eb800000, 0x00000000edc00000, 0x0000000100000000)
  eden space 31744K, 100% used [0x00000000eb800000,0x00000000ed700000,0x00000000ed700000)
  from space 2560K, 99% used [0x00000000ed980000,0x00000000edbfcea8,0x00000000edc00000)
  to   space 2560K, 0% used [0x00000000ed700000,0x00000000ed700000,0x00000000ed980000)
 ParOldGen       total 42496K, used 4833K [0x00000000c2800000, 0x00000000c5180000, 0x00000000eb800000)
  object space 42496K, 11% used [0x00000000c2800000,0x00000000c2cb8550,0x00000000c5180000)
 Metaspace       used 10054K, capacity 10204K, committed 10368K, reserved 1058816K
  class space    used 1195K, capacity 1288K, committed 1408K, reserved 1048576K
Event: 2.438 GC heap after
Heap after GC invocations=3 (full 0):
 PSYoungGen      total 34304K, used 2545K [0x00000000eb800000, 0x00000000efb00000, 0x0000000100000000)
  eden space 31744K, 0% used [0x00000000eb800000,0x00000000eb800000,0x00000000ed700000)
  from space 2560K, 99% used [0x00000000ed700000,0x00000000ed97c560,0x00000000ed980000)
  to   space 2560K, 0% used [0x00000000ef880000,0x00000000ef880000,0x00000000efb00000)
 ParOldGen       total 42496K, used 13380K [0x00000000c2800000, 0x00000000c5180000, 0x00000000eb800000)
  object space 42496K, 31% used [0x00000000c2800000,0x00000000c35110c0,0x00000000c5180000)
 Metaspace       used 10054K, capacity 10204K, committed 10368K, reserved 1058816K
  class space    used 1195K, capacity 1288K, committed 1408K, reserved 1048576K
}
Event: 3.562 GC heap before
{Heap before GC invocations=4 (full 0):
 PSYoungGen      total 34304K, used 34289K [0x00000000eb800000, 0x00000000efb00000, 0x0000000100000000)
  eden space 31744K, 100% used [0x00000000eb800000,0x00000000ed700000,0x00000000ed700000)
  from space 2560K, 99% used [0x00000000ed700000,0x00000000ed97c560,0x00000000ed980000)
  to   space 2560K, 0% used [0x00000000ef880000,0x00000000ef880000,0x00000000efb00000)
 ParOldGen       total 42496K, used 13380K [0x00000000c2800000, 0x00000000c5180000, 0x00000000eb800000)
  object space 42496K, 31% used [0x00000000c2800000,0x00000000c35110c0,0x00000000c5180000)
 Metaspace       used 13539K, capacity 13736K, committed 14080K, reserved 1060864K
  class space    used 1670K, capacity 1738K, committed 1792K, reserved 1048576K
Event: 3.582 GC heap after
Heap after GC invocations=4 (full 0):
 PSYoungGen      total 66048K, used 2552K [0x00000000eb800000, 0x00000000efb00000, 0x0000000100000000)
  eden space 63488K, 0% used [0x00000000eb800000,0x00000000eb800000,0x00000000ef600000)
  from space 2560K, 99% used [0x00000000ef880000,0x00000000efafe2c8,0x00000000efb00000)
  to   space 2560K, 0% used [0x00000000ef600000,0x00000000ef600000,0x00000000ef880000)
 ParOldGen       total 42496K, used 20276K [0x00000000c2800000, 0x00000000c5180000, 0x00000000eb800000)
  object space 42496K, 47% used [0x00000000c2800000,0x00000000c3bcd1d8,0x00000000c5180000)
 Metaspace       used 13539K, capacity 13736K, committed 14080K, reserved 1060864K
  class space    used 1670K, capacity 1738K, committed 1792K, reserved 1048576K
}
Event: 7.310 GC heap before
{Heap before GC invocations=5 (full 0):
 PSYoungGen      total 66048K, used 66040K [0x00000000eb800000, 0x00000000efb00000, 0x0000000100000000)
  eden space 63488K, 100% used [0x00000000eb800000,0x00000000ef600000,0x00000000ef600000)
  from space 2560K, 99% used [0x00000000ef880000,0x00000000efafe2c8,0x00000000efb00000)
  to   space 2560K, 0% used [0x00000000ef600000,0x00000000ef600000,0x00000000ef880000)
 ParOldGen       total 42496K, used 20276K [0x00000000c2800000, 0x00000000c5180000, 0x00000000eb800000)
  object space 42496K, 47% used [0x00000000c2800000,0x00000000c3bcd1d8,0x00000000c5180000)
 Metaspace       used 20684K, capacity 21000K, committed 21248K, reserved 1067008K
  class space    used 2627K, capacity 2724K, committed 2816K, reserved 1048576K
Event: 7.374 GC heap after
Heap after GC invocations=5 (full 0):
 PSYoungGen      total 66048K, used 2536K [0x00000000eb800000, 0x00000000f5500000, 0x0000000100000000)
  eden space 63488K, 0% used [0x00000000eb800000,0x00000000eb800000,0x00000000ef600000)
  from space 2560K, 99% used [0x00000000ef600000,0x00000000ef87a2b8,0x00000000ef880000)
  to   space 16896K, 0% used [0x00000000f4480000,0x00000000f4480000,0x00000000f5500000)
 ParOldGen       total 42496K, used 31999K [0x00000000c2800000, 0x00000000c5180000, 0x00000000eb800000)
  object space 42496K, 75% used [0x00000000c2800000,0x00000000c473fd70,0x00000000c5180000)
 Metaspace       used 20684K, capacity 21000K, committed 21248K, reserved 1067008K
  class space    used 2627K, capacity 2724K, committed 2816K, reserved 1048576K
}
Event: 7.374 GC heap before
{Heap before GC invocations=6 (full 1):
 PSYoungGen      total 66048K, used 2536K [0x00000000eb800000, 0x00000000f5500000, 0x0000000100000000)
  eden space 63488K, 0% used [0x00000000eb800000,0x00000000eb800000,0x00000000ef600000)
  from space 2560K, 99% used [0x00000000ef600000,0x00000000ef87a2b8,0x00000000ef880000)
  to   space 16896K, 0% used [0x00000000f4480000,0x00000000f4480000,0x00000000f5500000)
 ParOldGen       total 42496K, used 31999K [0x00000000c2800000, 0x00000000c5180000, 0x00000000eb800000)
  object space 42496K, 75% used [0x00000000c2800000,0x00000000c473fd70,0x00000000c5180000)
 Metaspace       used 20684K, capacity 21000K, committed 21248K, reserved 1067008K
  class space    used 2627K, capacity 2724K, committed 2816K, reserved 1048576K
Event: 7.602 GC heap after
Heap after GC invocations=6 (full 1):
 PSYoungGen      total 66048K, used 0K [0x00000000eb800000, 0x00000000f5500000, 0x0000000100000000)
  eden space 63488K, 0% used [0x00000000eb800000,0x00000000eb800000,0x00000000ef600000)
  from space 2560K, 0% used [0x00000000ef600000,0x00000000ef600000,0x00000000ef880000)
  to   space 16896K, 0% used [0x00000000f4480000,0x00000000f4480000,0x00000000f5500000)
 ParOldGen       total 66560K, used 26326K [0x00000000c2800000, 0x00000000c6900000, 0x00000000eb800000)
  object space 66560K, 39% used [0x00000000c2800000,0x00000000c41b5840,0x00000000c6900000)
 Metaspace       used 20684K, capacity 21000K, committed 21248K, reserved 1067008K
  class space    used 2627K, capacity 2724K, committed 2816K, reserved 1048576K
}

